<?xml version="1.0" encoding="UTF-8"?>
<testng-results ignored="0" total="4" passed="4" failed="0" skipped="0">
  <reporter-output>
  </reporter-output>
  <suite started-at="2023-02-02T16:01:34 CST" name="Default suite" finished-at="2023-02-02T16:01:55 CST" duration-ms="20830">
    <groups>
    </groups>
    <test started-at="2023-02-02T16:01:34 CST" name="Default test" finished-at="2023-02-02T16:01:55 CST" duration-ms="20830">
      <class name="prueba.Class">
        <test-method is-config="true" signature="setUpClass(java.lang.String,java.lang.String)[pri:0, instance:prueba.Class@5158b42f]" started-at="2023-02-02T16:01:34 CST" name="setUpClass" finished-at="2023-02-02T16:01:36 CST" duration-ms="1943" status="PASS">
          <params>
            <param index="0">
              <value>
                <![CDATA[chrome]]>
              </value>
            </param>
            <param index="1">
              <value>
                <![CDATA[https://www.saucedemo.com/]]>
              </value>
            </param>
          </params>
          <reporter-output>
          </reporter-output>
        </test-method> <!-- setUpClass -->
        <test-method signature="TC_002()[pri:0, instance:prueba.Class@5158b42f]" started-at="2023-02-02T16:01:36 CST" name="TC_002" finished-at="2023-02-02T16:01:37 CST" duration-ms="506" status="PASS">
          <reporter-output>
          </reporter-output>
        </test-method> <!-- TC_002 -->
        <test-method signature="logOut()[pri:0, instance:prueba.Class@5158b42f]" started-at="2023-02-02T16:01:37 CST" name="logOut" finished-at="2023-02-02T16:01:37 CST" duration-ms="163" status="PASS">
          <reporter-output>
          </reporter-output>
        </test-method> <!-- logOut -->
        <test-method signature="resetApp()[pri:0, instance:prueba.Class@5158b42f]" started-at="2023-02-02T16:01:37 CST" name="resetApp" finished-at="2023-02-02T16:01:37 CST" duration-ms="438" status="PASS">
          <reporter-output>
          </reporter-output>
        </test-method> <!-- resetApp -->
        <test-method signature="userCheckout()[pri:0, instance:prueba.Class@5158b42f]" started-at="2023-02-02T16:01:37 CST" name="userCheckout" finished-at="2023-02-02T16:01:39 CST" duration-ms="1422" status="PASS">
          <reporter-output>
          </reporter-output>
        </test-method> <!-- userCheckout -->
        <test-method is-config="true" signature="tearDownClass()[pri:0, instance:prueba.Class@5158b42f]" started-at="2023-02-02T16:01:39 CST" name="tearDownClass" finished-at="2023-02-02T16:01:55 CST" duration-ms="16317" status="PASS">
          <reporter-output>
          </reporter-output>
        </test-method> <!-- tearDownClass -->
      </class> <!-- prueba.Class -->
    </test> <!-- Default test -->
  </suite> <!-- Default suite -->
</testng-results>
