<?xml version="1.0" encoding="UTF-8"?>
<!-- Generated by org.testng.reporters.JUnitXMLReporter -->
<testsuite ignored="0" hostname="LSTKMY234357" failures="0" tests="4" name="Default test" time="20.83" errors="0" timestamp="2023-02-02T16:01:55 CST">
  <testcase classname="prueba.Class" name="TC_002" time="0.506"/>
  <testcase classname="prueba.Class" name="logOut" time="0.163"/>
  <testcase classname="prueba.Class" name="resetApp" time="0.438"/>
  <testcase classname="prueba.Class" name="userCheckout" time="1.422"/>
</testsuite> <!-- Default test -->
